<?xml version="1.0" encoding="UTF-8"?>
<!-- Generated by org.testng.reporters.JUnitXMLReporter -->
<testsuite ignored="0" hostname="JCS" failures="0" tests="4" name="OrangeHRMPIMTest" time="100.976" errors="0" timestamp="2024-03-13T10:51:26 IST">
  <testcase classname="com.OrangeHRM.TestCases.TC_LoginTest_001" name="LoginTest" time="5.108"/>
  <testcase classname="com.OrangeHRM.TestCases.TC_CreatePIMTest_002" name="CreatePIMTest" time="17.885"/>
  <testcase classname="com.OrangeHRM.TestCases.TC_UpdatePIMTest_003" name="UpdatePIMTest_003" time="20.784"/>
  <testcase classname="com.OrangeHRM.TestCases.TC_DeletePIMTest_004" name="DeletePIMTest" time="16.192"/>
</testsuite> <!-- OrangeHRMPIMTest -->
