<?xml version="1.0" encoding="UTF-8"?>
<!-- Generated by org.testng.reporters.JUnitXMLReporter -->
<testsuite ignored="0" hostname="JCS" failures="0" tests="3" name="OrangeHRMPIMTest" time="118.758" errors="0" timestamp="2024-03-12T20:49:44 IST">
  <testcase classname="com.OrangeHRM.TestCases.TC_CreatePIMTest_002" name="CreatePIMTest" time="17.76"/>
  <testcase classname="com.OrangeHRM.TestCases.TC_UpdatePIMTest_003" name="UpdatePIMTest_003" time="18.966"/>
  <testcase classname="com.OrangeHRM.TestCases.TC_DeletePIMTest_004" name="DeletePIMTest" time="15.414"/>
</testsuite> <!-- OrangeHRMPIMTest -->
