<?xml version="1.0" encoding="UTF-8"?>
<testng-results ignored="0" total="4" passed="4" failed="0" skipped="0">
  <reporter-output>
  </reporter-output>
  <suite started-at="2024-03-13T10:49:45 IST" name="OrangeHRM" finished-at="2024-03-13T10:51:26 IST" duration-ms="100976">
    <groups>
    </groups>
    <test started-at="2024-03-13T10:49:45 IST" name="OrangeHRMPIMTest" finished-at="2024-03-13T10:51:26 IST" duration-ms="100976">
      <class name="com.OrangeHRM.TestCases.TC_CreatePIMTest_002">
        <test-method is-config="true" signature="SetuUp()[pri:0, instance:com.OrangeHRM.TestCases.TC_CreatePIMTest_002@2f7c2f4f]" started-at="2024-03-13T10:50:01 IST" name="SetuUp" finished-at="2024-03-13T10:50:14 IST" duration-ms="12512" status="PASS">
          <reporter-output>
          </reporter-output>
        </test-method> <!-- SetuUp -->
        <test-method signature="CreatePIMTest()[pri:0, instance:com.OrangeHRM.TestCases.TC_CreatePIMTest_002@2f7c2f4f]" started-at="2024-03-13T10:50:14 IST" name="CreatePIMTest" finished-at="2024-03-13T10:50:31 IST" duration-ms="17885" status="PASS">
          <reporter-output>
          </reporter-output>
        </test-method> <!-- CreatePIMTest -->
        <test-method is-config="true" signature="TearDown()[pri:0, instance:com.OrangeHRM.TestCases.TC_CreatePIMTest_002@2f7c2f4f]" started-at="2024-03-13T10:50:31 IST" name="TearDown" finished-at="2024-03-13T10:50:31 IST" duration-ms="0" status="PASS">
          <reporter-output>
          </reporter-output>
        </test-method> <!-- TearDown -->
      </class> <!-- com.OrangeHRM.TestCases.TC_CreatePIMTest_002 -->
      <class name="com.OrangeHRM.TestCases.TC_UpdatePIMTest_003">
        <test-method is-config="true" signature="SetuUp()[pri:0, instance:com.OrangeHRM.TestCases.TC_UpdatePIMTest_003@6af93788]" started-at="2024-03-13T10:50:31 IST" name="SetuUp" finished-at="2024-03-13T10:50:38 IST" duration-ms="6127" status="PASS">
          <reporter-output>
          </reporter-output>
        </test-method> <!-- SetuUp -->
        <test-method signature="UpdatePIMTest_003()[pri:0, instance:com.OrangeHRM.TestCases.TC_UpdatePIMTest_003@6af93788]" started-at="2024-03-13T10:50:38 IST" name="UpdatePIMTest_003" finished-at="2024-03-13T10:50:58 IST" duration-ms="20784" status="PASS">
          <reporter-output>
          </reporter-output>
        </test-method> <!-- UpdatePIMTest_003 -->
        <test-method is-config="true" signature="TearDown()[pri:0, instance:com.OrangeHRM.TestCases.TC_UpdatePIMTest_003@6af93788]" started-at="2024-03-13T10:50:58 IST" name="TearDown" finished-at="2024-03-13T10:50:58 IST" duration-ms="0" status="PASS">
          <reporter-output>
          </reporter-output>
        </test-method> <!-- TearDown -->
      </class> <!-- com.OrangeHRM.TestCases.TC_UpdatePIMTest_003 -->
      <class name="com.OrangeHRM.TestCases.TC_LoginTest_001">
        <test-method is-config="true" signature="SetuUp()[pri:0, instance:com.OrangeHRM.TestCases.TC_LoginTest_001@4690b489]" started-at="2024-03-13T10:49:45 IST" name="SetuUp" finished-at="2024-03-13T10:49:56 IST" duration-ms="11304" status="PASS">
          <reporter-output>
          </reporter-output>
        </test-method> <!-- SetuUp -->
        <test-method signature="LoginTest()[pri:0, instance:com.OrangeHRM.TestCases.TC_LoginTest_001@4690b489]" started-at="2024-03-13T10:49:56 IST" name="LoginTest" finished-at="2024-03-13T10:50:01 IST" duration-ms="5108" status="PASS">
          <reporter-output>
          </reporter-output>
        </test-method> <!-- LoginTest -->
        <test-method is-config="true" signature="TearDown()[pri:0, instance:com.OrangeHRM.TestCases.TC_LoginTest_001@4690b489]" started-at="2024-03-13T10:50:01 IST" name="TearDown" finished-at="2024-03-13T10:50:01 IST" duration-ms="1" status="PASS">
          <reporter-output>
          </reporter-output>
        </test-method> <!-- TearDown -->
      </class> <!-- com.OrangeHRM.TestCases.TC_LoginTest_001 -->
      <class name="com.OrangeHRM.TestCases.TC_DeletePIMTest_004">
        <test-method is-config="true" signature="SetuUp()[pri:0, instance:com.OrangeHRM.TestCases.TC_DeletePIMTest_004@ef9296d]" started-at="2024-03-13T10:50:58 IST" name="SetuUp" finished-at="2024-03-13T10:51:09 IST" duration-ms="11008" status="PASS">
          <reporter-output>
          </reporter-output>
        </test-method> <!-- SetuUp -->
        <test-method signature="DeletePIMTest()[pri:0, instance:com.OrangeHRM.TestCases.TC_DeletePIMTest_004@ef9296d]" started-at="2024-03-13T10:51:09 IST" name="DeletePIMTest" finished-at="2024-03-13T10:51:26 IST" duration-ms="16192" status="PASS">
          <reporter-output>
          </reporter-output>
        </test-method> <!-- DeletePIMTest -->
        <test-method is-config="true" signature="TearDown()[pri:0, instance:com.OrangeHRM.TestCases.TC_DeletePIMTest_004@ef9296d]" started-at="2024-03-13T10:51:26 IST" name="TearDown" finished-at="2024-03-13T10:51:26 IST" duration-ms="0" status="PASS">
          <reporter-output>
          </reporter-output>
        </test-method> <!-- TearDown -->
      </class> <!-- com.OrangeHRM.TestCases.TC_DeletePIMTest_004 -->
    </test> <!-- OrangeHRMPIMTest -->
  </suite> <!-- OrangeHRM -->
</testng-results>
