<?xml version="1.0" encoding="UTF-8"?>
<testng-results ignored="0" total="3" passed="3" failed="0" skipped="0">
  <reporter-output>
  </reporter-output>
  <suite started-at="2024-03-12T20:47:45 IST" name="OrangeHRM" finished-at="2024-03-12T20:49:44 IST" duration-ms="118758">
    <groups>
    </groups>
    <test started-at="2024-03-12T20:47:45 IST" name="OrangeHRMPIMTest" finished-at="2024-03-12T20:49:44 IST" duration-ms="118758">
      <class name="com.OrangeHRM.TestCases.TC_CreatePIMTest_002">
        <test-method is-config="true" signature="SetuUp()[pri:0, instance:com.OrangeHRM.TestCases.TC_CreatePIMTest_002@1349883]" started-at="2024-03-12T20:47:45 IST" name="SetuUp" finished-at="2024-03-12T20:48:30 IST" duration-ms="45581" status="PASS">
          <reporter-output>
          </reporter-output>
        </test-method> <!-- SetuUp -->
        <test-method signature="CreatePIMTest()[pri:0, instance:com.OrangeHRM.TestCases.TC_CreatePIMTest_002@1349883]" started-at="2024-03-12T20:48:30 IST" name="CreatePIMTest" finished-at="2024-03-12T20:48:48 IST" duration-ms="17760" status="PASS">
          <reporter-output>
          </reporter-output>
        </test-method> <!-- CreatePIMTest -->
        <test-method is-config="true" signature="TearDown()[pri:0, instance:com.OrangeHRM.TestCases.TC_CreatePIMTest_002@1349883]" started-at="2024-03-12T20:48:48 IST" name="TearDown" finished-at="2024-03-12T20:48:48 IST" duration-ms="0" status="PASS">
          <reporter-output>
          </reporter-output>
        </test-method> <!-- TearDown -->
      </class> <!-- com.OrangeHRM.TestCases.TC_CreatePIMTest_002 -->
      <class name="com.OrangeHRM.TestCases.TC_UpdatePIMTest_003">
        <test-method is-config="true" signature="SetuUp()[pri:0, instance:com.OrangeHRM.TestCases.TC_UpdatePIMTest_003@3f191845]" started-at="2024-03-12T20:48:48 IST" name="SetuUp" finished-at="2024-03-12T20:49:01 IST" duration-ms="12405" status="PASS">
          <reporter-output>
          </reporter-output>
        </test-method> <!-- SetuUp -->
        <test-method signature="UpdatePIMTest_003()[pri:0, instance:com.OrangeHRM.TestCases.TC_UpdatePIMTest_003@3f191845]" started-at="2024-03-12T20:49:01 IST" name="UpdatePIMTest_003" finished-at="2024-03-12T20:49:20 IST" duration-ms="18966" status="PASS">
          <reporter-output>
          </reporter-output>
        </test-method> <!-- UpdatePIMTest_003 -->
        <test-method is-config="true" signature="TearDown()[pri:0, instance:com.OrangeHRM.TestCases.TC_UpdatePIMTest_003@3f191845]" started-at="2024-03-12T20:49:20 IST" name="TearDown" finished-at="2024-03-12T20:49:20 IST" duration-ms="5" status="PASS">
          <reporter-output>
          </reporter-output>
        </test-method> <!-- TearDown -->
      </class> <!-- com.OrangeHRM.TestCases.TC_UpdatePIMTest_003 -->
      <class name="com.OrangeHRM.TestCases.TC_DeletePIMTest_004">
        <test-method is-config="true" signature="SetuUp()[pri:0, instance:com.OrangeHRM.TestCases.TC_DeletePIMTest_004@5f049ea1]" started-at="2024-03-12T20:49:20 IST" name="SetuUp" finished-at="2024-03-12T20:49:28 IST" duration-ms="8587" status="PASS">
          <reporter-output>
          </reporter-output>
        </test-method> <!-- SetuUp -->
        <test-method signature="DeletePIMTest()[pri:0, instance:com.OrangeHRM.TestCases.TC_DeletePIMTest_004@5f049ea1]" started-at="2024-03-12T20:49:28 IST" name="DeletePIMTest" finished-at="2024-03-12T20:49:44 IST" duration-ms="15414" status="PASS">
          <reporter-output>
          </reporter-output>
        </test-method> <!-- DeletePIMTest -->
        <test-method is-config="true" signature="TearDown()[pri:0, instance:com.OrangeHRM.TestCases.TC_DeletePIMTest_004@5f049ea1]" started-at="2024-03-12T20:49:44 IST" name="TearDown" finished-at="2024-03-12T20:49:44 IST" duration-ms="0" status="PASS">
          <reporter-output>
          </reporter-output>
        </test-method> <!-- TearDown -->
      </class> <!-- com.OrangeHRM.TestCases.TC_DeletePIMTest_004 -->
    </test> <!-- OrangeHRMPIMTest -->
  </suite> <!-- OrangeHRM -->
</testng-results>
